<?xml version="1.0" encoding="UTF-8"?><testsuites duration="0.544"><testsuite name="Index site" tests="2" failures="0" errors="0" time="0.158" timestamp="2013-05-16T15:32:22.632Z" package="Specs/HomeController"><testcase name="Title of test application is 'Homepage'" classname="Specs/HomeController" time="0.138"></testcase><testcase name="Text is fine" classname="Specs/HomeController" time="0.02"></testcase><system-out></system-out></testsuite><testsuite name="Info site" tests="1" failures="0" errors="0" time="0.216" timestamp="2013-05-16T15:32:22.633Z" package="Specs/HomeController"><testcase name="Expected content of 'About' site is given" classname="Specs/HomeController" time="0.216"></testcase><system-out></system-out></testsuite><testsuite name="Provoke error in homepage title test" tests="1" failures="0" errors="0" time="0.17" timestamp="2013-05-16T15:32:22.633Z" package="Fixes/Provoke_Error"><testcase name="Provoke error return the expected content of .my_area" classname="Fixes/Provoke_Error" time="0.17"></testcase><system-out></system-out></testsuite></testsuites>